2025-08-09 09:17:26,687 - INFO - pydub library installed
2025-08-09 09:17:26,689 - INFO - pynput library installed
2025-08-09 09:17:26,690 - INFO - sounddevice library installed
2025-08-09 09:17:26,691 - INFO - pygame library installed
2025-08-09 09:17:26,692 - INFO - resampy library installed
2025-08-09 09:17:28,713 - INFO - FFmpeg detected
2025-08-09 09:17:29,089 - INFO - Ensured folder exists: D:\Programing\Python\WarpBoard\temp_audio\sounds
2025-08-09 09:17:29,090 - INFO - Ensured folder exists: D:\Programing\Python\WarpBoard\temp_audio\config
2025-08-09 09:17:29,090 - INFO - Ensured folder exists: D:\Programing\Python\WarpBoard\temp_audio\sounds
2025-08-09 09:17:29,090 - INFO - Ensured folder exists: D:\Programing\Python\WarpBoard\temp_audio\config
2025-08-09 09:17:29,582 - INFO - No soundboard config file found, starting with empty config
2025-08-09 09:17:29,629 - INFO - PyAudio initialized successfully.
2025-08-09 09:17:29,630 - INFO - Virtual Mic (VB-CABLE) detected at index: 8
2025-08-09 09:17:29,630 - INFO - PyAudio devices: Output=CABLE Input (VB-Audio Virtual C, Input=Microphone (High Definition Aud, Virtual Mic=8, Soundboard Monitor=Microsoft Sound Mapper - Output, Mic Monitor=Microsoft Sound Mapper - Output
2025-08-09 09:17:29,644 - INFO - Pygame mixer re-initialized at 44100Hz, 2 channels.
2025-08-09 09:17:29,650 - INFO - App settings loaded successfully
2025-08-09 09:17:29,766 - INFO - Single sound mode enabled
2025-08-09 09:17:29,790 - INFO - PyAudio main output stream opened to Virtual Mic (18).
2025-08-09 09:17:29,795 - INFO - PyAudio soundboard monitor stream opened to device (4).
2025-08-09 09:17:29,797 - INFO - Stopped pynput listeners.
2025-08-09 09:17:29,797 - DEBUG - Updating hotkeys...
2025-08-09 09:17:29,797 - INFO - No active hotkeys to listen for. Not starting pynput listeners.
2025-08-09 09:17:34,579 - DEBUG - subprocess.call(['ffmpeg', '-y', '-i', 'G:/Discord/Discord stuff/Sound boad/Rahi mera baccha(music.mp3', '-acodec', 'pcm_s16le', '-vn', '-f', 'wav', '-'])
2025-08-09 09:17:34,720 - INFO - Soundboard config saved successfully
2025-08-09 09:17:34,720 - INFO - Added sound: Rahi mera baccha(music at D:\Programing\Python\WarpBoard\temp_audio\sounds\Rahi mera baccha(music.wav
2025-08-09 09:17:34,727 - INFO - Status message: Added sound: Rahi mera baccha(music
2025-08-09 09:19:03,102 - INFO - pydub library installed
2025-08-09 09:19:03,103 - INFO - pynput library installed
2025-08-09 09:19:03,104 - INFO - sounddevice library installed
2025-08-09 09:19:03,105 - INFO - pygame library installed
2025-08-09 09:19:03,107 - INFO - resampy library installed
2025-08-09 09:19:03,129 - INFO - FFmpeg detected
2025-08-09 09:19:03,179 - INFO - Ensured folder exists: D:\Programing\Python\WarpBoard\temp_audio\sounds
2025-08-09 09:19:03,179 - INFO - Ensured folder exists: D:\Programing\Python\WarpBoard\temp_audio\config
2025-08-09 09:19:03,179 - INFO - Ensured folder exists: D:\Programing\Python\WarpBoard\temp_audio\sounds
2025-08-09 09:19:03,180 - INFO - Ensured folder exists: D:\Programing\Python\WarpBoard\temp_audio\config
2025-08-09 09:19:03,180 - INFO - No soundboard config file found, starting with empty config
2025-08-09 09:19:03,224 - INFO - PyAudio initialized successfully.
2025-08-09 09:19:03,225 - INFO - Virtual Mic (VB-CABLE) detected at index: 8
2025-08-09 09:19:03,225 - INFO - PyAudio devices: Output=CABLE Input (VB-Audio Virtual C, Input=Microphone (High Definition Aud, Virtual Mic=8, Soundboard Monitor=Microsoft Sound Mapper - Output, Mic Monitor=Microsoft Sound Mapper - Output
2025-08-09 09:19:03,238 - INFO - Pygame mixer re-initialized at 44100Hz, 2 channels.
2025-08-09 09:19:03,238 - INFO - No app settings file found, using defaults
2025-08-09 09:19:03,301 - INFO - Single sound mode disabled
2025-08-09 09:19:03,314 - INFO - PyAudio main output stream opened to Virtual Mic (8).
2025-08-09 09:19:03,320 - INFO - PyAudio soundboard monitor stream opened to device (4).
2025-08-09 09:19:03,320 - INFO - Stopped pynput listeners.
2025-08-09 09:19:03,320 - DEBUG - Updating hotkeys...
2025-08-09 09:19:03,320 - INFO - No active hotkeys to listen for. Not starting pynput listeners.
2025-08-09 09:19:06,867 - DEBUG - subprocess.call(['ffmpeg', '-y', '-i', 'G:/Discord/Discord stuff/Sound boad/rahi mera baccha(No music).mp3', '-acodec', 'pcm_s16le', '-vn', '-f', 'wav', '-'])
2025-08-09 09:19:06,945 - INFO - Soundboard config saved successfully
2025-08-09 09:19:06,945 - INFO - Added sound: rahi mera baccha(No music) at D:\Programing\Python\WarpBoard\temp_audio\sounds\rahi mera baccha(No music).wav
2025-08-09 09:19:06,953 - INFO - Status message: Added sound: rahi mera baccha(No music)
2025-08-09 09:19:07,662 - DEBUG - Added sound to mixer: rahi mera baccha(No music)
2025-08-09 09:19:07,663 - INFO - Status message: Playing sound: rahi mera baccha(No music)
2025-08-09 09:19:08,720 - DEBUG - Added sound to mixer: rahi mera baccha(No music)
2025-08-09 09:19:08,721 - INFO - Status message: Playing sound: rahi mera baccha(No music)
2025-08-09 09:19:09,875 - INFO - Removed sound with ID ecec6ce5-ec55-4683-bdf6-e1cac645ad5c from mixer queue.
2025-08-09 09:19:09,876 - INFO - Status message: Stopped sound: rahi mera baccha(No music)
2025-08-09 09:19:12,609 - DEBUG - Set hotkey assignment target to: ecec6ce5-ec55-4683-bdf6-e1cac645ad5c
2025-08-09 09:19:12,623 - INFO - HotkeyRecorder: Listeners started.
2025-08-09 09:19:15,392 - INFO - HotkeyRecorder: Listeners stopped.
2025-08-09 09:19:15,396 - INFO - Soundboard config saved successfully
2025-08-09 09:19:15,396 - INFO - Updated hotkeys for sound ecec6ce5-ec55-4683-bdf6-e1cac645ad5c: ['s']
2025-08-09 09:19:15,396 - INFO - Stopped pynput listeners.
2025-08-09 09:19:15,396 - DEBUG - Updating hotkeys...
2025-08-09 09:19:15,396 - DEBUG - Registered hotkey for sound ecec6ce5-ec55-4683-bdf6-e1cac645ad5c: S
2025-08-09 09:19:15,396 - INFO - Stopped pynput listeners.
2025-08-09 09:19:15,408 - INFO - Started pynput listeners for keyboard and mouse.
2025-08-09 09:19:15,408 - INFO - Registered 1 hotkeys.
2025-08-09 09:19:15,408 - INFO - Status message: Hotkey assigned to 'rahi mera baccha(No music)': S
2025-08-09 09:19:15,408 - DEBUG - Set hotkey assignment target to: None
2025-08-09 09:19:17,195 - DEBUG - Key pressed: s, Active keys: {'s'}
2025-08-09 09:19:17,195 - DEBUG - Hotkey triggered: S
2025-08-09 09:19:17,199 - DEBUG - Added sound to mixer: rahi mera baccha(No music)
2025-08-09 09:19:17,202 - INFO - Status message: Playing sound: rahi mera baccha(No music)
2025-08-09 09:19:17,290 - DEBUG - Key released: s, Active keys: set()
2025-08-09 09:19:22,408 - DEBUG - Set hotkey assignment target to: stop_all
2025-08-09 09:19:22,420 - INFO - HotkeyRecorder: Listeners started.
2025-08-09 09:19:23,007 - DEBUG - Key pressed: d, Active keys: {'d'}
2025-08-09 09:19:23,067 - DEBUG - Key released: d, Active keys: set()
2025-08-09 09:19:24,568 - INFO - HotkeyRecorder: Listeners stopped.
2025-08-09 09:19:24,570 - INFO - Soundboard config saved successfully
2025-08-09 09:19:24,570 - INFO - Set global hotkey for stop_all: ['d']
2025-08-09 09:19:24,571 - INFO - Stopped pynput listeners.
2025-08-09 09:19:24,571 - DEBUG - Updating hotkeys...
2025-08-09 09:19:24,571 - DEBUG - Registered hotkey for sound ecec6ce5-ec55-4683-bdf6-e1cac645ad5c: S
2025-08-09 09:19:24,571 - DEBUG - Registered global hotkey for stop_all: D
2025-08-09 09:19:24,572 - INFO - Stopped pynput listeners.
2025-08-09 09:19:24,584 - INFO - Started pynput listeners for keyboard and mouse.
2025-08-09 09:19:24,585 - INFO - Registered 2 hotkeys.
2025-08-09 09:19:24,585 - INFO - Status message: Global hotkey assigned for 'stop_all': D
2025-08-09 09:19:24,585 - DEBUG - Set hotkey assignment target to: None
2025-08-09 09:19:26,248 - DEBUG - Key pressed: d, Active keys: {'d'}
2025-08-09 09:19:26,248 - DEBUG - Hotkey triggered: D
2025-08-09 09:19:26,249 - INFO - Mixer sounds cleared
2025-08-09 09:19:26,251 - INFO - Status message: All sounds stopped.
2025-08-09 09:19:26,291 - DEBUG - Key released: d, Active keys: set()
2025-08-09 09:19:36,852 - INFO - App settings saved successfully
2025-08-09 09:19:36,854 - INFO - Status message: Theme changed to darkly
2025-08-09 09:19:55,949 - DEBUG - Key pressed: s, Active keys: {'s'}
2025-08-09 09:19:55,949 - DEBUG - Hotkey triggered: S
2025-08-09 09:19:55,955 - DEBUG - Added sound to mixer: rahi mera baccha(No music)
2025-08-09 09:19:55,959 - INFO - Status message: Playing sound: rahi mera baccha(No music)
2025-08-09 09:19:56,035 - DEBUG - Key released: s, Active keys: set()
2025-08-09 09:19:59,665 - DEBUG - Key pressed: d, Active keys: {'d'}
2025-08-09 09:19:59,665 - DEBUG - Hotkey triggered: D
2025-08-09 09:19:59,665 - INFO - Mixer sounds cleared
2025-08-09 09:19:59,668 - INFO - Status message: All sounds stopped.
2025-08-09 09:19:59,727 - DEBUG - Key released: d, Active keys: set()
2025-08-09 09:20:07,586 - INFO - PyAudio mic input stream opened from Mic (1).
2025-08-09 09:20:07,587 - INFO - Mic input reader thread started.
2025-08-09 09:20:07,587 - INFO - Mic input reader thread started.
2025-08-09 09:20:07,587 - INFO - Status message: Microphone included in mix.
2025-08-09 09:20:07,587 - INFO - App settings saved successfully
2025-08-09 09:20:09,798 - DEBUG - Key pressed: alt_l, Active keys: {'alt_l'}
2025-08-09 09:20:09,836 - DEBUG - Key pressed: tab, Active keys: {'tab', 'alt_l'}
2025-08-09 09:20:09,928 - DEBUG - Key released: alt_l, Active keys: {'tab'}
2025-08-09 09:20:09,971 - DEBUG - Key released: tab, Active keys: set()
2025-08-09 09:20:13,014 - INFO - PyAudio soundboard monitor stream stopped and closed.
2025-08-09 09:20:13,014 - INFO - Status message: Soundboard monitor disabled.
2025-08-09 09:20:13,015 - INFO - App settings saved successfully
2025-08-09 09:20:14,688 - INFO - PyAudio mic monitor stream opened to device (4).
2025-08-09 09:20:14,688 - INFO - Status message: Mic monitor enabled.
2025-08-09 09:20:14,689 - INFO - App settings saved successfully
2025-08-09 09:20:15,566 - DEBUG - Key pressed: s, Active keys: {'s'}
2025-08-09 09:20:15,566 - DEBUG - Hotkey triggered: S
2025-08-09 09:20:15,571 - DEBUG - Added sound to mixer: rahi mera baccha(No music)
2025-08-09 09:20:15,575 - INFO - Status message: Playing sound: rahi mera baccha(No music)
2025-08-09 09:20:15,654 - DEBUG - Key released: s, Active keys: set()
2025-08-09 09:20:16,782 - DEBUG - Key pressed: alt_l, Active keys: {'alt_l'}
2025-08-09 09:20:16,859 - DEBUG - Key pressed: tab, Active keys: {'tab', 'alt_l'}
2025-08-09 09:20:16,916 - DEBUG - Key released: alt_l, Active keys: {'tab'}
2025-08-09 09:20:16,981 - DEBUG - Key released: tab, Active keys: set()
2025-08-09 09:20:17,918 - DEBUG - Key pressed: alt_l, Active keys: {'alt_l'}
2025-08-09 09:20:17,968 - DEBUG - Key pressed: tab, Active keys: {'tab', 'alt_l'}
2025-08-09 09:20:18,055 - DEBUG - Key released: alt_l, Active keys: {'tab'}
2025-08-09 09:20:18,082 - DEBUG - Key released: tab, Active keys: set()
2025-08-09 09:20:18,981 - DEBUG - Key pressed: alt_l, Active keys: {'alt_l'}
2025-08-09 09:20:19,011 - DEBUG - Key pressed: tab, Active keys: {'tab', 'alt_l'}
2025-08-09 09:20:19,105 - DEBUG - Key released: alt_l, Active keys: {'tab'}
2025-08-09 09:20:19,129 - DEBUG - Key released: tab, Active keys: set()
2025-08-09 09:20:23,412 - DEBUG - Key pressed: alt_l, Active keys: {'alt_l'}
2025-08-09 09:20:23,442 - DEBUG - Key pressed: tab, Active keys: {'tab', 'alt_l'}
2025-08-09 09:20:23,509 - DEBUG - Key released: alt_l, Active keys: {'tab'}
2025-08-09 09:20:23,516 - DEBUG - Key released: tab, Active keys: set()
2025-08-09 09:20:27,880 - DEBUG - Key pressed: alt_l, Active keys: {'alt_l'}
2025-08-09 09:20:27,889 - DEBUG - Key pressed: tab, Active keys: {'tab', 'alt_l'}
2025-08-09 09:20:28,026 - DEBUG - Key released: tab, Active keys: {'alt_l'}
2025-08-09 09:20:28,037 - DEBUG - Key released: alt_l, Active keys: set()
2025-08-09 09:20:28,275 - DEBUG - Key pressed: alt_l, Active keys: {'alt_l'}
2025-08-09 09:20:28,323 - DEBUG - Key pressed: tab, Active keys: {'tab', 'alt_l'}
2025-08-09 09:20:28,383 - DEBUG - Key released: alt_l, Active keys: {'tab'}
2025-08-09 09:20:28,439 - DEBUG - Key released: tab, Active keys: set()
2025-08-09 09:20:30,307 - INFO - App settings saved successfully
2025-08-09 09:20:30,317 - INFO - App settings saved successfully
2025-08-09 09:20:30,321 - INFO - App settings saved successfully
2025-08-09 09:20:30,328 - INFO - App settings saved successfully
2025-08-09 09:20:30,333 - INFO - App settings saved successfully
2025-08-09 09:20:30,336 - INFO - App settings saved successfully
2025-08-09 09:20:30,339 - INFO - App settings saved successfully
2025-08-09 09:20:30,341 - INFO - App settings saved successfully
2025-08-09 09:20:30,345 - INFO - App settings saved successfully
2025-08-09 09:20:30,348 - INFO - App settings saved successfully
2025-08-09 09:20:30,351 - INFO - App settings saved successfully
2025-08-09 09:20:30,354 - INFO - App settings saved successfully
2025-08-09 09:20:30,356 - INFO - App settings saved successfully
2025-08-09 09:20:30,359 - INFO - App settings saved successfully
2025-08-09 09:20:30,362 - INFO - App settings saved successfully
2025-08-09 09:20:30,365 - INFO - App settings saved successfully
2025-08-09 09:20:30,368 - INFO - App settings saved successfully
2025-08-09 09:20:30,371 - INFO - App settings saved successfully
2025-08-09 09:20:30,374 - INFO - App settings saved successfully
2025-08-09 09:20:30,377 - INFO - App settings saved successfully
2025-08-09 09:20:30,381 - INFO - App settings saved successfully
2025-08-09 09:20:30,384 - INFO - App settings saved successfully
2025-08-09 09:20:30,387 - INFO - App settings saved successfully
2025-08-09 09:20:30,389 - INFO - App settings saved successfully
2025-08-09 09:20:30,392 - INFO - App settings saved successfully
2025-08-09 09:20:30,395 - INFO - App settings saved successfully
2025-08-09 09:20:30,397 - INFO - App settings saved successfully
2025-08-09 09:20:30,401 - INFO - App settings saved successfully
2025-08-09 09:20:30,404 - INFO - App settings saved successfully
2025-08-09 09:20:30,407 - INFO - App settings saved successfully
2025-08-09 09:20:30,409 - INFO - App settings saved successfully
2025-08-09 09:20:30,413 - INFO - App settings saved successfully
2025-08-09 09:20:30,416 - INFO - App settings saved successfully
2025-08-09 09:20:30,418 - INFO - App settings saved successfully
2025-08-09 09:20:30,421 - INFO - App settings saved successfully
2025-08-09 09:20:30,424 - INFO - App settings saved successfully
2025-08-09 09:20:30,427 - INFO - App settings saved successfully
2025-08-09 09:20:30,430 - INFO - App settings saved successfully
2025-08-09 09:20:30,433 - INFO - App settings saved successfully
2025-08-09 09:20:30,435 - INFO - App settings saved successfully
2025-08-09 09:20:30,438 - INFO - App settings saved successfully
2025-08-09 09:20:30,441 - INFO - App settings saved successfully
2025-08-09 09:20:30,444 - INFO - App settings saved successfully
2025-08-09 09:20:30,446 - INFO - App settings saved successfully
2025-08-09 09:20:30,450 - INFO - App settings saved successfully
2025-08-09 09:20:30,452 - INFO - App settings saved successfully
2025-08-09 09:20:30,455 - INFO - App settings saved successfully
2025-08-09 09:20:30,458 - INFO - App settings saved successfully
2025-08-09 09:20:30,460 - INFO - App settings saved successfully
2025-08-09 09:20:30,463 - INFO - App settings saved successfully
2025-08-09 09:20:30,466 - INFO - App settings saved successfully
2025-08-09 09:20:30,468 - INFO - App settings saved successfully
2025-08-09 09:20:30,471 - INFO - App settings saved successfully
2025-08-09 09:20:30,474 - INFO - App settings saved successfully
2025-08-09 09:20:30,477 - INFO - App settings saved successfully
2025-08-09 09:20:30,481 - INFO - App settings saved successfully
2025-08-09 09:20:30,484 - INFO - App settings saved successfully
2025-08-09 09:20:30,490 - INFO - App settings saved successfully
2025-08-09 09:20:30,499 - INFO - App settings saved successfully
2025-08-09 09:20:30,519 - INFO - App settings saved successfully
2025-08-09 09:20:30,581 - INFO - App settings saved successfully
2025-08-09 09:20:30,598 - INFO - App settings saved successfully
2025-08-09 09:20:30,615 - INFO - App settings saved successfully
2025-08-09 09:20:30,657 - INFO - App settings saved successfully
2025-08-09 09:20:30,672 - INFO - App settings saved successfully
2025-08-09 09:20:30,684 - INFO - App settings saved successfully
2025-08-09 09:20:30,699 - INFO - App settings saved successfully
2025-08-09 09:20:30,708 - INFO - App settings saved successfully
2025-08-09 09:20:30,715 - INFO - App settings saved successfully
2025-08-09 09:20:30,721 - INFO - App settings saved successfully
2025-08-09 09:20:30,726 - INFO - App settings saved successfully
2025-08-09 09:20:30,731 - INFO - App settings saved successfully
2025-08-09 09:20:30,736 - INFO - App settings saved successfully
2025-08-09 09:20:30,740 - INFO - App settings saved successfully
2025-08-09 09:20:30,743 - INFO - App settings saved successfully
2025-08-09 09:20:30,747 - INFO - App settings saved successfully
2025-08-09 09:20:30,750 - INFO - App settings saved successfully
2025-08-09 09:20:30,753 - INFO - App settings saved successfully
2025-08-09 09:20:30,756 - INFO - App settings saved successfully
2025-08-09 09:20:30,759 - INFO - App settings saved successfully
2025-08-09 09:20:30,762 - INFO - App settings saved successfully
2025-08-09 09:20:30,764 - INFO - App settings saved successfully
2025-08-09 09:20:30,767 - INFO - App settings saved successfully
2025-08-09 09:20:30,770 - INFO - App settings saved successfully
2025-08-09 09:20:30,773 - INFO - App settings saved successfully
2025-08-09 09:20:30,775 - INFO - App settings saved successfully
2025-08-09 09:20:30,778 - INFO - App settings saved successfully
2025-08-09 09:20:30,781 - INFO - App settings saved successfully
2025-08-09 09:20:30,783 - INFO - App settings saved successfully
2025-08-09 09:20:30,786 - INFO - App settings saved successfully
2025-08-09 09:20:30,789 - INFO - App settings saved successfully
2025-08-09 09:20:30,791 - INFO - App settings saved successfully
2025-08-09 09:20:30,795 - INFO - App settings saved successfully
2025-08-09 09:20:30,798 - INFO - App settings saved successfully
2025-08-09 09:20:30,800 - INFO - App settings saved successfully
2025-08-09 09:20:30,803 - INFO - App settings saved successfully
2025-08-09 09:20:30,806 - INFO - App settings saved successfully
2025-08-09 09:20:30,809 - INFO - App settings saved successfully
2025-08-09 09:20:30,811 - INFO - App settings saved successfully
2025-08-09 09:20:30,814 - INFO - App settings saved successfully
2025-08-09 09:20:30,817 - INFO - App settings saved successfully
2025-08-09 09:20:30,819 - INFO - App settings saved successfully
2025-08-09 09:20:30,823 - INFO - App settings saved successfully
2025-08-09 09:20:30,826 - INFO - App settings saved successfully
2025-08-09 09:20:30,829 - INFO - App settings saved successfully
2025-08-09 09:20:30,831 - INFO - App settings saved successfully
2025-08-09 09:20:30,834 - INFO - App settings saved successfully
2025-08-09 09:20:30,837 - INFO - App settings saved successfully
2025-08-09 09:20:30,840 - INFO - App settings saved successfully
2025-08-09 09:20:30,843 - INFO - App settings saved successfully
2025-08-09 09:20:30,845 - INFO - App settings saved successfully
2025-08-09 09:20:30,848 - INFO - App settings saved successfully
2025-08-09 09:20:30,851 - INFO - App settings saved successfully
2025-08-09 09:20:30,853 - INFO - App settings saved successfully
2025-08-09 09:20:30,856 - INFO - App settings saved successfully
2025-08-09 09:20:30,859 - INFO - App settings saved successfully
2025-08-09 09:20:30,861 - INFO - App settings saved successfully
2025-08-09 09:20:30,864 - INFO - App settings saved successfully
2025-08-09 09:20:30,867 - INFO - App settings saved successfully
2025-08-09 09:20:30,870 - INFO - App settings saved successfully
2025-08-09 09:20:30,872 - INFO - App settings saved successfully
2025-08-09 09:20:30,876 - INFO - App settings saved successfully
2025-08-09 09:20:30,878 - INFO - App settings saved successfully
2025-08-09 09:20:30,880 - INFO - App settings saved successfully
2025-08-09 09:20:30,883 - INFO - App settings saved successfully
2025-08-09 09:20:30,886 - INFO - App settings saved successfully
2025-08-09 09:20:30,889 - INFO - App settings saved successfully
2025-08-09 09:20:30,892 - INFO - App settings saved successfully
2025-08-09 09:20:30,895 - INFO - App settings saved successfully
2025-08-09 09:20:30,898 - INFO - App settings saved successfully
2025-08-09 09:20:30,903 - INFO - App settings saved successfully
2025-08-09 09:20:30,908 - INFO - App settings saved successfully
2025-08-09 09:20:30,910 - INFO - App settings saved successfully
2025-08-09 09:20:30,916 - INFO - App settings saved successfully
2025-08-09 09:20:30,920 - INFO - App settings saved successfully
2025-08-09 09:20:30,927 - INFO - App settings saved successfully
2025-08-09 09:20:30,933 - INFO - App settings saved successfully
2025-08-09 09:20:30,938 - INFO - App settings saved successfully
2025-08-09 09:20:30,945 - INFO - App settings saved successfully
2025-08-09 09:20:30,957 - INFO - App settings saved successfully
2025-08-09 09:20:30,968 - INFO - App settings saved successfully
2025-08-09 09:20:30,991 - INFO - App settings saved successfully
2025-08-09 09:20:31,566 - INFO - App settings saved successfully
2025-08-09 09:20:31,569 - INFO - App settings saved successfully
2025-08-09 09:20:31,571 - INFO - App settings saved successfully
2025-08-09 09:20:31,575 - INFO - App settings saved successfully
2025-08-09 09:20:31,578 - INFO - App settings saved successfully
2025-08-09 09:20:31,581 - INFO - App settings saved successfully
2025-08-09 09:20:31,583 - INFO - App settings saved successfully
2025-08-09 09:20:31,586 - INFO - App settings saved successfully
2025-08-09 09:20:31,589 - INFO - App settings saved successfully
2025-08-09 09:20:31,592 - INFO - App settings saved successfully
2025-08-09 09:20:31,595 - INFO - App settings saved successfully
2025-08-09 09:20:31,597 - INFO - App settings saved successfully
2025-08-09 09:20:31,601 - INFO - App settings saved successfully
2025-08-09 09:20:31,603 - INFO - App settings saved successfully
2025-08-09 09:20:31,606 - INFO - App settings saved successfully
2025-08-09 09:20:31,610 - INFO - App settings saved successfully
2025-08-09 09:20:31,612 - INFO - App settings saved successfully
2025-08-09 09:20:31,615 - INFO - App settings saved successfully
2025-08-09 09:20:31,618 - INFO - App settings saved successfully
2025-08-09 09:20:31,620 - INFO - App settings saved successfully
2025-08-09 09:20:31,623 - INFO - App settings saved successfully
2025-08-09 09:20:31,627 - INFO - App settings saved successfully
2025-08-09 09:20:31,629 - INFO - App settings saved successfully
2025-08-09 09:20:31,633 - INFO - App settings saved successfully
2025-08-09 09:20:31,636 - INFO - App settings saved successfully
2025-08-09 09:20:31,639 - INFO - App settings saved successfully
2025-08-09 09:20:31,642 - INFO - App settings saved successfully
2025-08-09 09:20:31,645 - INFO - App settings saved successfully
2025-08-09 09:20:31,648 - INFO - App settings saved successfully
2025-08-09 09:20:31,651 - INFO - App settings saved successfully
2025-08-09 09:20:31,654 - INFO - App settings saved successfully
2025-08-09 09:20:31,657 - INFO - App settings saved successfully
2025-08-09 09:20:31,660 - INFO - App settings saved successfully
2025-08-09 09:20:31,663 - INFO - App settings saved successfully
2025-08-09 09:20:31,666 - INFO - App settings saved successfully
2025-08-09 09:20:31,670 - INFO - App settings saved successfully
2025-08-09 09:20:31,673 - INFO - App settings saved successfully
2025-08-09 09:20:31,676 - INFO - App settings saved successfully
2025-08-09 09:20:31,679 - INFO - App settings saved successfully
2025-08-09 09:20:31,682 - INFO - App settings saved successfully
2025-08-09 09:20:31,685 - INFO - App settings saved successfully
2025-08-09 09:20:31,688 - INFO - App settings saved successfully
2025-08-09 09:20:31,691 - INFO - App settings saved successfully
2025-08-09 09:20:31,694 - INFO - App settings saved successfully
2025-08-09 09:20:31,697 - INFO - App settings saved successfully
2025-08-09 09:20:31,700 - INFO - App settings saved successfully
2025-08-09 09:20:31,704 - INFO - App settings saved successfully
2025-08-09 09:20:31,707 - INFO - App settings saved successfully
2025-08-09 09:20:31,709 - INFO - App settings saved successfully
2025-08-09 09:20:31,713 - INFO - App settings saved successfully
2025-08-09 09:20:31,716 - INFO - App settings saved successfully
2025-08-09 09:20:31,718 - INFO - App settings saved successfully
2025-08-09 09:20:31,721 - INFO - App settings saved successfully
2025-08-09 09:20:31,724 - INFO - App settings saved successfully
2025-08-09 09:20:31,727 - INFO - App settings saved successfully
2025-08-09 09:20:31,730 - INFO - App settings saved successfully
2025-08-09 09:20:31,734 - INFO - App settings saved successfully
2025-08-09 09:20:31,737 - INFO - App settings saved successfully
2025-08-09 09:20:31,740 - INFO - App settings saved successfully
2025-08-09 09:20:31,743 - INFO - App settings saved successfully
2025-08-09 09:20:31,746 - INFO - App settings saved successfully
2025-08-09 09:20:31,749 - INFO - App settings saved successfully
2025-08-09 09:20:31,753 - INFO - App settings saved successfully
2025-08-09 09:20:31,755 - INFO - App settings saved successfully
2025-08-09 09:20:31,758 - INFO - App settings saved successfully
2025-08-09 09:20:31,762 - INFO - App settings saved successfully
2025-08-09 09:20:31,768 - INFO - App settings saved successfully
2025-08-09 09:20:31,772 - INFO - App settings saved successfully
2025-08-09 09:20:31,774 - INFO - App settings saved successfully
2025-08-09 09:20:31,778 - INFO - App settings saved successfully
2025-08-09 09:20:31,780 - INFO - App settings saved successfully
2025-08-09 09:20:31,784 - INFO - App settings saved successfully
2025-08-09 09:20:31,787 - INFO - App settings saved successfully
2025-08-09 09:20:31,789 - INFO - App settings saved successfully
2025-08-09 09:20:31,792 - INFO - App settings saved successfully
2025-08-09 09:20:31,796 - INFO - App settings saved successfully
2025-08-09 09:20:31,798 - INFO - App settings saved successfully
2025-08-09 09:20:31,801 - INFO - App settings saved successfully
2025-08-09 09:20:31,804 - INFO - App settings saved successfully
2025-08-09 09:20:31,807 - INFO - App settings saved successfully
2025-08-09 09:20:31,810 - INFO - App settings saved successfully
2025-08-09 09:20:31,813 - INFO - App settings saved successfully
2025-08-09 09:20:31,815 - INFO - App settings saved successfully
2025-08-09 09:20:31,819 - INFO - App settings saved successfully
2025-08-09 09:20:31,822 - INFO - App settings saved successfully
2025-08-09 09:20:31,824 - INFO - App settings saved successfully
2025-08-09 09:20:31,828 - INFO - App settings saved successfully
2025-08-09 09:20:31,830 - INFO - App settings saved successfully
2025-08-09 09:20:31,834 - INFO - App settings saved successfully
2025-08-09 09:20:31,948 - INFO - Status message: Soundboard monitor volume set to 100%
2025-08-09 09:20:32,683 - INFO - App settings saved successfully
2025-08-09 09:20:32,700 - INFO - App settings saved successfully
2025-08-09 09:20:32,704 - INFO - App settings saved successfully
2025-08-09 09:20:32,714 - INFO - App settings saved successfully
2025-08-09 09:20:32,717 - INFO - App settings saved successfully
2025-08-09 09:20:32,723 - INFO - App settings saved successfully
2025-08-09 09:20:32,728 - INFO - App settings saved successfully
2025-08-09 09:20:32,731 - INFO - App settings saved successfully
2025-08-09 09:20:32,737 - INFO - App settings saved successfully
2025-08-09 09:20:32,743 - INFO - App settings saved successfully
2025-08-09 09:20:32,745 - INFO - App settings saved successfully
2025-08-09 09:20:32,750 - INFO - App settings saved successfully
2025-08-09 09:20:32,754 - INFO - App settings saved successfully
2025-08-09 09:20:32,756 - INFO - App settings saved successfully
2025-08-09 09:20:32,760 - INFO - App settings saved successfully
2025-08-09 09:20:32,764 - INFO - App settings saved successfully
2025-08-09 09:20:32,767 - INFO - App settings saved successfully
2025-08-09 09:20:32,769 - INFO - App settings saved successfully
2025-08-09 09:20:32,772 - INFO - App settings saved successfully
2025-08-09 09:20:32,776 - INFO - App settings saved successfully
2025-08-09 09:20:32,779 - INFO - App settings saved successfully
2025-08-09 09:20:32,782 - INFO - App settings saved successfully
2025-08-09 09:20:32,785 - INFO - App settings saved successfully
2025-08-09 09:20:32,789 - INFO - App settings saved successfully
2025-08-09 09:20:32,792 - INFO - App settings saved successfully
2025-08-09 09:20:32,794 - INFO - App settings saved successfully
2025-08-09 09:20:32,797 - INFO - App settings saved successfully
2025-08-09 09:20:32,800 - INFO - App settings saved successfully
2025-08-09 09:20:32,803 - INFO - App settings saved successfully
2025-08-09 09:20:32,805 - INFO - App settings saved successfully
2025-08-09 09:20:32,808 - INFO - App settings saved successfully
2025-08-09 09:20:32,811 - INFO - App settings saved successfully
2025-08-09 09:20:32,815 - INFO - App settings saved successfully
2025-08-09 09:20:32,818 - INFO - App settings saved successfully
2025-08-09 09:20:32,821 - INFO - App settings saved successfully
2025-08-09 09:20:32,824 - INFO - App settings saved successfully
2025-08-09 09:20:32,827 - INFO - App settings saved successfully
2025-08-09 09:20:32,830 - INFO - App settings saved successfully
2025-08-09 09:20:32,833 - INFO - App settings saved successfully
2025-08-09 09:20:32,836 - INFO - App settings saved successfully
2025-08-09 09:20:32,839 - INFO - App settings saved successfully
2025-08-09 09:20:32,842 - INFO - App settings saved successfully
2025-08-09 09:20:32,845 - INFO - App settings saved successfully
2025-08-09 09:20:32,848 - INFO - App settings saved successfully
2025-08-09 09:20:32,851 - INFO - App settings saved successfully
2025-08-09 09:20:32,854 - INFO - App settings saved successfully
2025-08-09 09:20:32,857 - INFO - App settings saved successfully
2025-08-09 09:20:32,859 - INFO - App settings saved successfully
2025-08-09 09:20:32,863 - INFO - App settings saved successfully
2025-08-09 09:20:32,866 - INFO - App settings saved successfully
2025-08-09 09:20:32,869 - INFO - App settings saved successfully
2025-08-09 09:20:32,872 - INFO - App settings saved successfully
2025-08-09 09:20:32,874 - INFO - App settings saved successfully
2025-08-09 09:20:32,877 - INFO - App settings saved successfully
2025-08-09 09:20:32,880 - INFO - App settings saved successfully
2025-08-09 09:20:32,884 - INFO - App settings saved successfully
2025-08-09 09:20:32,887 - INFO - App settings saved successfully
2025-08-09 09:20:32,890 - INFO - App settings saved successfully
2025-08-09 09:20:32,893 - INFO - App settings saved successfully
2025-08-09 09:20:32,896 - INFO - App settings saved successfully
2025-08-09 09:20:32,899 - INFO - App settings saved successfully
2025-08-09 09:20:32,902 - INFO - App settings saved successfully
2025-08-09 09:20:32,905 - INFO - App settings saved successfully
2025-08-09 09:20:32,908 - INFO - App settings saved successfully
2025-08-09 09:20:32,911 - INFO - App settings saved successfully
2025-08-09 09:20:32,914 - INFO - App settings saved successfully
2025-08-09 09:20:32,917 - INFO - App settings saved successfully
2025-08-09 09:20:32,920 - INFO - App settings saved successfully
2025-08-09 09:20:32,924 - INFO - App settings saved successfully
2025-08-09 09:20:32,927 - INFO - App settings saved successfully
2025-08-09 09:20:32,929 - INFO - App settings saved successfully
2025-08-09 09:20:32,933 - INFO - App settings saved successfully
2025-08-09 09:20:32,936 - INFO - App settings saved successfully
2025-08-09 09:20:32,939 - INFO - App settings saved successfully
2025-08-09 09:20:32,942 - INFO - App settings saved successfully
2025-08-09 09:20:32,945 - INFO - App settings saved successfully
2025-08-09 09:20:32,948 - INFO - App settings saved successfully
2025-08-09 09:20:32,951 - INFO - App settings saved successfully
2025-08-09 09:20:32,953 - INFO - App settings saved successfully
2025-08-09 09:20:32,956 - INFO - App settings saved successfully
2025-08-09 09:20:32,959 - INFO - App settings saved successfully
2025-08-09 09:20:32,962 - INFO - App settings saved successfully
2025-08-09 09:20:32,965 - INFO - App settings saved successfully
2025-08-09 09:20:32,968 - INFO - App settings saved successfully
2025-08-09 09:20:32,970 - INFO - App settings saved successfully
2025-08-09 09:20:32,973 - INFO - App settings saved successfully
2025-08-09 09:20:32,976 - INFO - App settings saved successfully
2025-08-09 09:20:32,979 - INFO - App settings saved successfully
2025-08-09 09:20:32,982 - INFO - App settings saved successfully
2025-08-09 09:20:32,985 - INFO - App settings saved successfully
2025-08-09 09:20:32,988 - INFO - App settings saved successfully
2025-08-09 09:20:32,990 - INFO - App settings saved successfully
2025-08-09 09:20:32,993 - INFO - App settings saved successfully
2025-08-09 09:20:32,996 - INFO - App settings saved successfully
2025-08-09 09:20:32,999 - INFO - App settings saved successfully
2025-08-09 09:20:33,002 - INFO - App settings saved successfully
2025-08-09 09:20:33,013 - INFO - App settings saved successfully
2025-08-09 09:20:33,072 - INFO - App settings saved successfully
2025-08-09 09:20:33,092 - INFO - App settings saved successfully
2025-08-09 09:20:33,103 - INFO - App settings saved successfully
2025-08-09 09:20:33,107 - INFO - App settings saved successfully
2025-08-09 09:20:33,112 - INFO - App settings saved successfully
2025-08-09 09:20:33,117 - INFO - App settings saved successfully
2025-08-09 09:20:33,119 - INFO - App settings saved successfully
2025-08-09 09:20:33,124 - INFO - App settings saved successfully
2025-08-09 09:20:33,128 - INFO - App settings saved successfully
2025-08-09 09:20:33,131 - INFO - App settings saved successfully
2025-08-09 09:20:33,134 - INFO - App settings saved successfully
2025-08-09 09:20:33,138 - INFO - App settings saved successfully
2025-08-09 09:20:33,141 - INFO - App settings saved successfully
2025-08-09 09:20:33,144 - INFO - App settings saved successfully
2025-08-09 09:20:33,148 - INFO - App settings saved successfully
2025-08-09 09:20:33,153 - INFO - App settings saved successfully
2025-08-09 09:20:33,156 - INFO - App settings saved successfully
2025-08-09 09:20:33,161 - INFO - App settings saved successfully
2025-08-09 09:20:33,166 - INFO - App settings saved successfully
2025-08-09 09:20:33,170 - INFO - App settings saved successfully
2025-08-09 09:20:33,179 - INFO - App settings saved successfully
2025-08-09 09:20:33,578 - INFO - Status message: Master volume set to 51%
2025-08-09 09:20:35,397 - DEBUG - Key pressed: s, Active keys: {'s'}
2025-08-09 09:20:35,397 - DEBUG - Hotkey triggered: S
2025-08-09 09:20:35,401 - DEBUG - Added sound to mixer: rahi mera baccha(No music)
2025-08-09 09:20:35,403 - INFO - Status message: Playing sound: rahi mera baccha(No music)
2025-08-09 09:20:35,485 - DEBUG - Key released: s, Active keys: set()
2025-08-09 09:20:36,648 - DEBUG - Removed finished sound from mixer: rahi mera baccha(No music)
2025-08-09 09:20:49,779 - DEBUG - Key pressed: ctrl_l, Active keys: {'ctrl_l'}
2025-08-09 09:20:50,287 - DEBUG - Key pressed: ctrl_l, Active keys: {'ctrl_l'}
2025-08-09 09:20:50,318 - DEBUG - Key pressed: ctrl_l, Active keys: {'ctrl_l'}
2025-08-09 09:20:50,349 - DEBUG - Key pressed: ctrl_l, Active keys: {'ctrl_l'}
2025-08-09 09:20:50,379 - DEBUG - Key pressed: ctrl_l, Active keys: {'ctrl_l'}
2025-08-09 09:20:50,426 - DEBUG - Key pressed: ctrl_l, Active keys: {'ctrl_l'}
2025-08-09 09:20:50,457 - DEBUG - Key pressed: ctrl_l, Active keys: {'ctrl_l'}
2025-08-09 09:20:50,487 - DEBUG - Key pressed: ctrl_l, Active keys: {'ctrl_l'}
2025-08-09 09:20:50,519 - DEBUG - Key pressed: ctrl_l, Active keys: {'ctrl_l'}
2025-08-09 09:20:50,550 - DEBUG - Key pressed: ctrl_l, Active keys: {'ctrl_l'}
2025-08-09 09:20:50,582 - DEBUG - Key pressed: ctrl_l, Active keys: {'ctrl_l'}
2025-08-09 09:20:50,614 - DEBUG - Key pressed: ctrl_l, Active keys: {'ctrl_l'}
2025-08-09 09:20:50,646 - DEBUG - Key pressed: ctrl_l, Active keys: {'ctrl_l'}
2025-08-09 09:20:50,676 - DEBUG - Key pressed: ctrl_l, Active keys: {'ctrl_l'}
2025-08-09 09:20:50,683 - DEBUG - Key released: ctrl_l, Active keys: set()
2025-08-09 09:20:55,223 - DEBUG - Key pressed: ctrl_l, Active keys: {'ctrl_l'}
2025-08-09 09:20:55,729 - DEBUG - Key pressed: ctrl_l, Active keys: {'ctrl_l'}
2025-08-09 09:20:55,760 - DEBUG - Key pressed: ctrl_l, Active keys: {'ctrl_l'}
2025-08-09 09:20:55,791 - DEBUG - Key pressed: ctrl_l, Active keys: {'ctrl_l'}
2025-08-09 09:20:55,838 - DEBUG - Key pressed: ctrl_l, Active keys: {'ctrl_l'}
2025-08-09 09:20:55,868 - DEBUG - Key pressed: ctrl_l, Active keys: {'ctrl_l'}
2025-08-09 09:20:55,901 - DEBUG - Key pressed: ctrl_l, Active keys: {'ctrl_l'}
2025-08-09 09:20:55,933 - DEBUG - Key pressed: ctrl_l, Active keys: {'ctrl_l'}
2025-08-09 09:20:55,964 - DEBUG - Key pressed: ctrl_l, Active keys: {'ctrl_l'}
2025-08-09 09:20:55,995 - DEBUG - Key pressed: ctrl_l, Active keys: {'ctrl_l'}
2025-08-09 09:20:56,027 - DEBUG - Key pressed: ctrl_l, Active keys: {'ctrl_l'}
2025-08-09 09:20:56,058 - DEBUG - Key pressed: ctrl_l, Active keys: {'ctrl_l'}
2025-08-09 09:20:56,089 - DEBUG - Key pressed: ctrl_l, Active keys: {'ctrl_l'}
2025-08-09 09:20:56,121 - DEBUG - Key pressed: ctrl_l, Active keys: {'ctrl_l'}
2025-08-09 09:20:56,162 - DEBUG - Key released: ctrl_l, Active keys: set()
2025-08-09 09:20:56,478 - DEBUG - Removed finished sound from mixer: rahi mera baccha(No music)
2025-08-09 09:21:05,945 - DEBUG - Key pressed: ctrl_l, Active keys: {'ctrl_l'}
2025-08-09 09:21:06,347 - DEBUG - Key pressed: , Active keys: {'\x03', 'ctrl_l'}
2025-08-09 09:21:06,443 - DEBUG - Key released: , Active keys: {'ctrl_l'}
2025-08-09 09:21:06,547 - DEBUG - Key released: ctrl_l, Active keys: set()
